<?xml version="1.0" encoding="UTF-8"?>
<!-- Generated by org.testng.reporters.JUnitXMLReporter -->
<testsuite ignored="0" hostname="HANEESH-57" failures="0" tests="3" name="Default test" time="2.017" errors="0" timestamp="2025-07-08T13:43:02 IST">
  <testcase classname="Session45.ParamTest" name="testLogo" time="0.064"/>
  <testcase classname="Session45.ParamTest" name="testTitle" time="0.01"/>
  <testcase classname="Session45.ParamTest" name="testURL" time="0.009"/>
</testsuite> <!-- Default test -->
