<?xml version="1.0" encoding="UTF-8"?>
<!-- Generated by org.testng.reporters.JUnitXMLReporter -->
<testsuite ignored="0" hostname="HANEESH-57" failures="0" tests="3" name="Edgetest" time="3.176" errors="0" timestamp="2025-07-08T15:58:11 IST">
  <testcase classname="Session45.ParamTest" name="testLogo" time="0.085"/>
  <testcase classname="Session45.ParamTest" name="testTitle" time="0.009"/>
  <testcase classname="Session45.ParamTest" name="testURL" time="0.013"/>
</testsuite> <!-- Edgetest -->
